{
  "RSpec": {
    "coverage": {
      "/Users/claudia/Turing/4module/assessment/Thoughtbox/app/helpers/application_helper.rb": [
        1,
        null
      ],
      "/Users/claudia/Turing/4module/assessment/Thoughtbox/app/controllers/api/v1/links_controller.rb": [
        1,
        1,
        null,
        1,
        2,
        0,
        null,
        2,
        null,
        null,
        null,
        1,
        1,
        null,
        null,
        1,
        0,
        0,
        null,
        0,
        null,
        null,
        null,
        1,
        0,
        0,
        null,
        null,
        1,
        null,
        1,
        1,
        null,
        null
      ],
      "/Users/claudia/Turing/4module/assessment/Thoughtbox/app/controllers/api/api_controller.rb": [
        1,
        1,
        1,
        null
      ],
      "/Users/claudia/Turing/4module/assessment/Thoughtbox/app/controllers/application_controller.rb": [
        1,
        null,
        null,
        1,
        1,
        null,
        null,
        1,
        20,
        null,
        null,
        1,
        11,
        null,
        null,
        null
      ],
      "/Users/claudia/Turing/4module/assessment/Thoughtbox/app/models/link.rb": [
        1,
        1,
        null,
        1,
        1,
        null,
        1,
        null,
        null,
        null
      ],
      "/Users/claudia/Turing/4module/assessment/Thoughtbox/app/models/user.rb": [
        1,
        1,
        1,
        null,
        1,
        null
      ],
      "/Users/claudia/Turing/4module/assessment/Thoughtbox/app/controllers/sessions_controller.rb": [
        1,
        null,
        1,
        null,
        null,
        1,
        4,
        4,
        4,
        4,
        4,
        null,
        0,
        0,
        null,
        null,
        null,
        1,
        1,
        1,
        1,
        null,
        null
      ],
      "/Users/claudia/Turing/4module/assessment/Thoughtbox/app/controllers/users_controller.rb": [
        1,
        null,
        1,
        1,
        null,
        null,
        1,
        1,
        1,
        1,
        1,
        1,
        null,
        0,
        0,
        null,
        null,
        null,
        1,
        0,
        0,
        null,
        null,
        1,
        null,
        1,
        1,
        null,
        null
      ],
      "/Users/claudia/Turing/4module/assessment/Thoughtbox/app/controllers/links_controller.rb": [
        1,
        1,
        null,
        1,
        5,
        null,
        null
      ]
    },
    "timestamp": 1469483972
  }
}
