{
  "RSpec": {
    "coverage": {
      "/Users/claudia/Turing/4module/assessment/Thoughtbox/app/helpers/application_helper.rb": [
        1,
        null
      ],
      "/Users/claudia/Turing/4module/assessment/Thoughtbox/app/controllers/api/v1/links_controller.rb": [
        1,
        null,
        null,
        null,
        null,
        null,
        null,
        null,
        null,
        null,
        null,
        null,
        null,
        null,
        null,
        null,
        null,
        null,
        null,
        null
      ],
      "/Users/claudia/Turing/4module/assessment/Thoughtbox/app/controllers/api/api_controller.rb": [
        1,
        1,
        1,
        null
      ],
      "/Users/claudia/Turing/4module/assessment/Thoughtbox/app/controllers/application_controller.rb": [
        1,
        null,
        null,
        1,
        1,
        null,
        null,
        1,
        27,
        null,
        null,
        1,
        18,
        7,
        null,
        null,
        null,
        null
      ],
      "/Users/claudia/Turing/4module/assessment/Thoughtbox/app/models/link.rb": [
        1,
        1,
        null,
        1,
        1,
        null,
        1,
        9,
        8,
        null,
        null
      ],
      "/Users/claudia/Turing/4module/assessment/Thoughtbox/app/models/user.rb": [
        1,
        1,
        1,
        null,
        1,
        null
      ],
      "/Users/claudia/Turing/4module/assessment/Thoughtbox/app/controllers/links_controller.rb": [
        1,
        1,
        null,
        1,
        8,
        8,
        null,
        null,
        1,
        1,
        1,
        1,
        1,
        null,
        0,
        0,
        null,
        null,
        1,
        1,
        null,
        null,
        1,
        1,
        1,
        1,
        1,
        null,
        0,
        0,
        null,
        null,
        null,
        null,
        1,
        null,
        1,
        2,
        null,
        null,
        null
      ],
      "/Users/claudia/Turing/4module/assessment/Thoughtbox/app/controllers/sessions_controller.rb": [
        1,
        null,
        1,
        null,
        null,
        1,
        5,
        5,
        5,
        5,
        5,
        null,
        0,
        0,
        null,
        null,
        null,
        1,
        1,
        1,
        1,
        null,
        null
      ],
      "/Users/claudia/Turing/4module/assessment/Thoughtbox/app/controllers/users_controller.rb": [
        1,
        null,
        1,
        1,
        null,
        null,
        1,
        1,
        1,
        1,
        1,
        1,
        null,
        0,
        0,
        null,
        null,
        null,
        1,
        null,
        1,
        1,
        null,
        null
      ]
    },
    "timestamp": 1469910566
  }
}
